<?xml version="1.0" encoding="UTF-8"?>
  <testsuite name="CSI Driver End-to-End Tests" tests="1" failures="0" errors="0" time="72.497">
      <testcase name="[Serial] [csi-fsg][csi-fsg] Volume Filesystem Group Test [csi-fsg] Verify Pod Ephemeral FSGroup" classname="CSI Driver End-to-End Tests" time="72.496544264"></testcase>
      <testcase name="[Serial] [csi-fsg][csi-fsg] Volume Filesystem Group Test [csi-fsg] Verify Pod FSGroup with  fsPolicy=None" classname="CSI Driver End-to-End Tests" time="0">
          <skipped></skipped>
      </testcase>
      <testcase name="[Serial] [csi-fsg][csi-fsg] Volume Filesystem Group Test [csi-fsg] Verify Pod FSGroup with fsPolicy not set (should default)" classname="CSI Driver End-to-End Tests" time="0">
          <skipped></skipped>
      </testcase>
      <testcase name="[Serial] [csi-fsg][csi-fsg] Volume Filesystem Group Test [csi-fsg] Verify Pod FSGroup with fsPolicy=ReadWriteOnceWithFSType" classname="CSI Driver End-to-End Tests" time="0">
          <skipped></skipped>
      </testcase>
      <testcase name="[Serial] [csi-fsg][csi-fsg] Volume Filesystem Group Test [csi-fsg] Verify Pod FSGroup with fsPolicy=File" classname="CSI Driver End-to-End Tests" time="0">
          <skipped></skipped>
      </testcase>
      <testcase name="[csi-adv-fsg] Nodes Scale-up and Scale-down [csi-adv-fsg] Statefulset with Nodes Scale-up and Scale-down" classname="CSI Driver End-to-End Tests" time="0">
          <skipped></skipped>
      </testcase>
  </testsuite>