<?xml version="1.0" encoding="UTF-8"?>
  <testsuite name="CSI Driver End-to-End Tests" tests="1" failures="0" errors="0" time="46.602">
      <testcase name="[csi-fsg][csi-fsg] Volume Filesystem Group Test Verify Pod Creation works when SecurityContext has FSGroup" classname="CSI Driver End-to-End Tests" time="46.601615291"></testcase>
  </testsuite>